=============================================================================
Generated Quads for the program
  0. :t000	=	5
  1. :t001	=	0
  2. :t002	=	0
  3. :t004	=	t002 * 4
  4. :t003	=	t001 + t004
  5. :t005	=	1
  6. :a[t003]	=	t005
  7. :t006	=	t005
  8. :t007	=	0
  9. :t008	=	1
 10. :t010	=	t008 * 4
 11. :t009	=	t007 + t010
 12. :t011	=	0
 13. :a[t009]	=	t011
 14. :t012	=	t011
 15. :t013	=	0
 16. :t014	=	2
 17. :t016	=	t014 * 4
 18. :t015	=	t013 + t016
 19. :t017	=	8
 20. :a[t015]	=	t017
 21. :t018	=	t017
 22. :t019	=	0
 23. :t020	=	3
 24. :t022	=	t020 * 4
 25. :t021	=	t019 + t022
 26. :t023	=	3
 27. :a[t021]	=	t023
 28. :t024	=	t023
 29. :t025	=	0
 30. :t026	=	4
 31. :t028	=	t026 * 4
 32. :t027	=	t025 + t028
 33. :t029	=	7
 34. :a[t027]	=	t029
 35. :t030	=	t029
 36. :t031	=	0
 37. :i	=	t031
 38. :t032	=	5
 39. :if  i <t032	goto -1
 40. :goto -1
 41. :t033	=	i
 42. :i	=	i + 1
 43. :t034	=	0
 44. :j	=	t034
 45. :if  j <i	goto -1
 46. :goto -1
 47. :t035	=	j
 48. :j	=	j + 1
 49. :t036	=	0
 50. :t038	=	i * 4
 51. :t037	=	t036 + t038
 52. :t039	=	a[t037]
 53. :t040	=	0
 54. :t042	=	i * 4
 55. :t041	=	t040 + t042
 56. :t043	=	a[t041]
 57. :if  t039 >t043	goto 60
 58. :goto -1
 59. :goto 81
 60. :t044	=	0
 61. :t046	=	i * 4
 62. :t045	=	t044 + t046
 63. :t047	=	a[t045]
 64. :temp	=	t047
 65. :t048	=	t047
 66. :t049	=	0
 67. :t051	=	i * 4
 68. :t050	=	t049 + t051
 69. :t052	=	0
 70. :t054	=	j * 4
 71. :t053	=	t052 + t054
 72. :t055	=	a[t053]
 73. :a[t050]	=	t055
 74. :t056	=	t055
 75. :t057	=	0
 76. :t059	=	j * 4
 77. :t058	=	t057 + t059
 78. :a[t058]	=	temp
 79. :t060	=	temp
 80. :goto -1
=============================================================================
Symbol table Maintained For the Given Program

=============================================================================
Symbol Table : Global
Name	Value	var_type	size	Offset	Type
main	null	func	0	-1	ptr-to-St( main )Int

=============================================================================

=============================================================================
Symbol Table : main
Name	Value	var_type	size	Offset	Type
retVal	null	return	4	0	Int
a	null	local	20	8	array(5,Int)
t000	5	temp	4	-1	Int
temp	null	local	4	28	Int
t001	0	temp	4	-1	Int
t002	0	temp	4	-1	Int
t003	null	temp	4	-1	Int
t004	null	temp	4	-1	Int
t005	1	temp	4	-1	Int
t006	null	temp	4	-1	Int
t007	0	temp	4	-1	Int
t008	1	temp	4	-1	Int
t009	null	temp	4	-1	Int
t010	null	temp	4	-1	Int
t011	0	temp	4	-1	Int
t012	null	temp	4	-1	Int
t013	0	temp	4	-1	Int
t014	2	temp	4	-1	Int
t015	null	temp	4	-1	Int
t016	null	temp	4	-1	Int
t017	8	temp	4	-1	Int
t018	null	temp	4	-1	Int
t019	0	temp	4	-1	Int
t020	3	temp	4	-1	Int
t021	null	temp	4	-1	Int
t022	null	temp	4	-1	Int
t023	3	temp	4	-1	Int
t024	null	temp	4	-1	Int
t025	0	temp	4	-1	Int
t026	4	temp	4	-1	Int
t027	null	temp	4	-1	Int
t028	null	temp	4	-1	Int
t029	7	temp	4	-1	Int
t030	null	temp	4	-1	Int
i	null	local	4	152	Int
t031	0	temp	4	-1	Int
t032	5	temp	4	-1	Int
t033	null	temp	4	-1	Int
j	null	local	4	168	Int
t034	0	temp	4	-1	Int
t035	null	temp	4	-1	Int
t036	0	temp	4	-1	Int
t037	null	temp	4	-1	Int
t038	null	temp	4	-1	Int
t039	null	temp	4	-1	Int
t040	0	temp	4	-1	Int
t041	null	temp	4	-1	Int
t042	null	temp	4	-1	Int
t043	null	temp	4	-1	Int
t044	0	temp	4	-1	Int
t045	null	temp	4	-1	Int
t046	null	temp	4	-1	Int
t047	null	temp	4	-1	Int
t048	null	temp	4	-1	Int
t049	0	temp	4	-1	Int
t050	null	temp	4	-1	Int
t051	null	temp	4	-1	Int
t052	0	temp	4	-1	Int
t053	null	temp	4	-1	Int
t054	null	temp	4	-1	Int
t055	null	temp	4	-1	Int
t056	null	temp	4	-1	Int
t057	0	temp	4	-1	Int
t058	null	temp	4	-1	Int
t059	null	temp	4	-1	Int
t060	null	temp	4	-1	Int

=============================================================================
=============================================================================
